2022/03/27 19:36:40.073  [I] [main.go:19]  hello beego
2022/03/27 19:36:40.318  [I] [parser.go:413]  generate router from comments
2022/03/27 19:36:40.319  [I] [server.go:241]  http server Running on http://:8080
2022/03/27 20:03:18.890  [I] [main.go:19]  hello beego
2022/03/27 20:03:19.129  [I] [parser.go:413]  generate router from comments
2022/03/27 20:03:19.130  [I] [server.go:241]  http server Running on http://:8080
2022/03/27 20:05:59.702  [I] [main.go:19]  hello beego
2022/03/27 20:05:59.706  [I] [parser.go:85]  /Users/liubin/Music/develop/beego/hello/controllers no changed
2022/03/27 20:05:59.707  [I] [server.go:241]  http server Running on http://:8080
2022/03/27 20:06:38.108  [I] [main.go:19]  hello beego
2022/03/27 20:06:38.113  [I] [parser.go:85]  /Users/liubin/Music/develop/beego/hello/controllers no changed
2022/03/27 20:06:38.114  [I] [server.go:241]  http server Running on http://:8080
2022/03/27 20:07:05.487  [I] [main.go:19]  hello beego
2022/03/27 20:07:05.492  [I] [parser.go:85]  /Users/liubin/Music/develop/beego/hello/controllers no changed
2022/03/27 20:07:05.492  [I] [server.go:241]  http server Running on http://:8080
2022/03/27 20:08:23.681  [I] [main.go:19]  hello beego
2022/03/27 20:08:23.686  [I] [parser.go:85]  /Users/liubin/Music/develop/beego/hello/controllers no changed
2022/03/27 20:08:23.686  [I] [server.go:241]  http server Running on http://:8080
2022/03/27 20:08:48.918  [D] [router.go:955]  |      127.0.0.1|[97;42m 200 [0m|   1.812422ms|   match|[97;44m GET     [0m /id=1   r:/:id
2022/03/27 20:08:49.826  [I] [main.go:19]  hello beego
2022/03/27 20:08:49.831  [I] [parser.go:85]  /Users/liubin/Music/develop/beego/hello/controllers no changed
2022/03/27 20:08:49.831  [I] [server.go:241]  http server Running on http://:8080
2022/03/27 20:09:39.528  [I] [main.go:19]  hello beego
2022/03/27 20:09:39.532  [I] [parser.go:85]  /Users/liubin/Music/develop/beego/hello/controllers no changed
2022/03/27 20:09:39.532  [I] [server.go:241]  http server Running on http://:8080
2022/03/27 20:09:41.347  [D] [router.go:955]  |      127.0.0.1|[97;43m 404 [0m|    279.056µs| nomatch|[97;44m GET     [0m /  
2022/03/27 20:10:19.205  [D] [router.go:955]  |      127.0.0.1|[97;43m 404 [0m|     302.93µs| nomatch|[97;44m GET     [0m /  
2022/03/27 20:10:19.714  [D] [router.go:955]  |      127.0.0.1|[97;42m 200 [0m|    731.724µs|   match|[97;44m GET     [0m /favicon.ico   r:/:id
2022/03/27 20:10:24.522  [D] [router.go:955]  |      127.0.0.1|[97;43m 404 [0m|    187.028µs| nomatch|[97;44m GET     [0m /  
2022/03/27 20:10:24.689  [D] [router.go:955]  |      127.0.0.1|[97;42m 200 [0m|    375.812µs|   match|[97;44m GET     [0m /favicon.ico   r:/:id
2022/03/27 20:10:29.106  [D] [router.go:955]  |      127.0.0.1|[97;43m 404 [0m|    190.053µs| nomatch|[97;44m GET     [0m /  
2022/03/27 20:10:29.269  [D] [router.go:955]  |      127.0.0.1|[97;42m 200 [0m|    443.367µs|   match|[97;44m GET     [0m /favicon.ico   r:/:id
2022/03/27 20:12:21.193  [I] [main.go:19]  hello beego
2022/03/27 20:12:21.198  [I] [parser.go:85]  /Users/liubin/Music/develop/beego/hello/controllers no changed
2022/03/27 20:12:21.198  [I] [server.go:241]  http server Running on http://:8080
2022/03/27 20:12:22.494  [I] [subject.go:22]  1
2022/03/27 20:12:22.494  [C] [config.go:190]  the request url is  /subject
2022/03/27 20:12:22.495  [C] [config.go:191]  Handler crashed with error can't find templatefile in the path:views/guess.tpl
2022/03/27 20:12:22.495  [C] [config.go:197]  /usr/local/go/src/runtime/panic.go:1038
2022/03/27 20:12:22.495  [C] [config.go:197]  /Users/liubin/go/pkg/mod/github.com/beego/beego/v2@v2.0.1/server/web/template.go:75
2022/03/27 20:12:22.495  [C] [config.go:197]  /Users/liubin/go/pkg/mod/github.com/beego/beego/v2@v2.0.1/server/web/controller.go:311
2022/03/27 20:12:22.495  [C] [config.go:197]  /Users/liubin/go/pkg/mod/github.com/beego/beego/v2@v2.0.1/server/web/controller.go:262
2022/03/27 20:12:22.495  [C] [config.go:197]  /Users/liubin/go/pkg/mod/github.com/beego/beego/v2@v2.0.1/server/web/controller.go:239
2022/03/27 20:12:22.495  [C] [config.go:197]  /Users/liubin/go/pkg/mod/github.com/beego/beego/v2@v2.0.1/server/web/router.go:895
2022/03/27 20:12:22.495  [C] [config.go:197]  /Users/liubin/go/pkg/mod/github.com/beego/beego/v2@v2.0.1/server/web/filter.go:81
2022/03/27 20:12:22.495  [C] [config.go:197]  /Users/liubin/go/pkg/mod/github.com/beego/beego/v2@v2.0.1/server/web/router.go:664
2022/03/27 20:12:22.495  [C] [config.go:197]  /usr/local/go/src/net/http/server.go:2879
2022/03/27 20:12:22.495  [C] [config.go:197]  /usr/local/go/src/net/http/server.go:1930
2022/03/27 20:12:22.495  [C] [config.go:197]  /usr/local/go/src/runtime/asm_amd64.s:1581
