0001/01/01 00:00:00.000  [M] [log.go:191]  [HTTP] http: superfluous response.WriteHeader call from github.com/beego/beego/v2/server/web/context.(*Response).WriteHeader (context.go:230)
2022/03/27 20:12:22.883  [D] [router.go:955]  |      127.0.0.1|[97;42m 200 [0m|    509.773µs|   match|[97;44m GET     [0m /favicon.ico   r:/:id
2022/03/27 20:12:37.152  [I] [main.go:19]  hello beego
2022/03/27 20:12:37.157  [I] [parser.go:85]  /Users/liubin/Music/develop/beego/hello/controllers no changed
2022/03/27 20:12:37.157  [I] [server.go:241]  http server Running on http://:8080
2022/03/27 20:12:37.942  [I] [subject.go:22]  1
2022/03/27 20:12:37.942  [C] [config.go:190]  the request url is  /subject
2022/03/27 20:12:37.942  [C] [config.go:191]  Handler crashed with error can't find templatefile in the path:views/guess.tpl
2022/03/27 20:12:37.942  [C] [config.go:197]  /usr/local/go/src/runtime/panic.go:1038
2022/03/27 20:12:37.942  [C] [config.go:197]  /Users/liubin/go/pkg/mod/github.com/beego/beego/v2@v2.0.1/server/web/template.go:75
2022/03/27 20:12:37.942  [C] [config.go:197]  /Users/liubin/go/pkg/mod/github.com/beego/beego/v2@v2.0.1/server/web/controller.go:311
2022/03/27 20:12:37.943  [C] [config.go:197]  /Users/liubin/go/pkg/mod/github.com/beego/beego/v2@v2.0.1/server/web/controller.go:262
2022/03/27 20:12:37.943  [C] [config.go:197]  /Users/liubin/go/pkg/mod/github.com/beego/beego/v2@v2.0.1/server/web/controller.go:239
2022/03/27 20:12:37.943  [C] [config.go:197]  /Users/liubin/go/pkg/mod/github.com/beego/beego/v2@v2.0.1/server/web/router.go:895
2022/03/27 20:12:37.945  [C] [config.go:197]  /Users/liubin/go/pkg/mod/github.com/beego/beego/v2@v2.0.1/server/web/filter.go:81
2022/03/27 20:12:37.945  [C] [config.go:197]  /Users/liubin/go/pkg/mod/github.com/beego/beego/v2@v2.0.1/server/web/router.go:664
2022/03/27 20:12:37.945  [C] [config.go:197]  /usr/local/go/src/net/http/server.go:2879
2022/03/27 20:12:37.945  [C] [config.go:197]  /usr/local/go/src/net/http/server.go:1930
2022/03/27 20:12:37.945  [C] [config.go:197]  /usr/local/go/src/runtime/asm_amd64.s:1581
0001/01/01 00:00:00.000  [M] [log.go:191]  [HTTP] http: superfluous response.WriteHeader call from github.com/beego/beego/v2/server/web/context.(*Response).WriteHeader (context.go:230)
2022/03/27 20:13:46.320  [I] [subject.go:22]  1
2022/03/27 20:13:46.321  [D] [router.go:955]  |      127.0.0.1|[97;42m 200 [0m|    1.42675ms|   match|[97;44m GET     [0m /subject   r:/subject
2022/03/27 20:13:46.346  [D] [router.go:955]  |            ::1|[97;42m 200 [0m|    213.399µs|   match|[97;44m GET     [0m /static/img/cut/yaoshen.webp
2022/03/27 20:13:46.349  [D] [router.go:955]  |      127.0.0.1|[97;42m 200 [0m|    319.787µs|   match|[97;44m GET     [0m /static/js/reload.min.js
2022/03/27 20:13:46.706  [D] [router.go:955]  |      127.0.0.1|[97;43m 404 [0m|     196.43µs| nomatch|[97;44m GET     [0m /static/img/guess.png
2022/03/27 20:14:20.054  [D] [router.go:955]  |            ::1|[97;42m 201 [0m|   2.102511ms|   match|[97;46m POST    [0m /     r:/
2022/03/27 20:14:37.073  [D] [router.go:955]  |            ::1|[97;42m 201 [0m|   1.496819ms|   match|[97;46m POST    [0m /     r:/
2022/03/27 20:14:42.035  [D] [router.go:955]  |            ::1|[97;42m 201 [0m|    1.35772ms|   match|[97;46m POST    [0m /     r:/
2022/03/27 20:14:45.980  [D] [router.go:955]  |            ::1|[97;42m 201 [0m|   1.393081ms|   match|[97;46m POST    [0m /     r:/
2022/03/27 20:15:10.913  [I] [subject.go:22]  1
2022/03/27 20:15:10.914  [D] [router.go:955]  |      127.0.0.1|[97;42m 200 [0m|   1.141923ms|   match|[97;44m GET     [0m /subject   r:/subject
2022/03/27 20:15:37.515  [I] [main.go:19]  hello beego
2022/03/27 20:15:37.782  [I] [parser.go:413]  generate router from comments
2022/03/27 20:15:37.782  [I] [server.go:241]  http server Running on http://:8080
2022/03/27 20:15:40.479  [I] [subject.go:22]  1
2022/03/27 20:15:40.482  [C] [config.go:190]  the request url is  /subject
2022/03/27 20:15:40.482  [C] [config.go:191]  Handler crashed with error can't find templatefile in the path:views/guess1.tpl
2022/03/27 20:15:40.482  [C] [config.go:197]  /usr/local/go/src/runtime/panic.go:1038
2022/03/27 20:15:40.482  [C] [config.go:197]  /Users/liubin/go/pkg/mod/github.com/beego/beego/v2@v2.0.1/server/web/template.go:75
2022/03/27 20:15:40.482  [C] [config.go:197]  /Users/liubin/go/pkg/mod/github.com/beego/beego/v2@v2.0.1/server/web/controller.go:311
2022/03/27 20:15:40.482  [C] [config.go:197]  /Users/liubin/go/pkg/mod/github.com/beego/beego/v2@v2.0.1/server/web/controller.go:262
2022/03/27 20:15:40.482  [C] [config.go:197]  /Users/liubin/go/pkg/mod/github.com/beego/beego/v2@v2.0.1/server/web/controller.go:239
2022/03/27 20:15:40.482  [C] [config.go:197]  /Users/liubin/go/pkg/mod/github.com/beego/beego/v2@v2.0.1/server/web/router.go:895
2022/03/27 20:15:40.482  [C] [config.go:197]  /Users/liubin/go/pkg/mod/github.com/beego/beego/v2@v2.0.1/server/web/filter.go:81
2022/03/27 20:15:40.482  [C] [config.go:197]  /Users/liubin/go/pkg/mod/github.com/beego/beego/v2@v2.0.1/server/web/router.go:664
2022/03/27 20:15:40.482  [C] [config.go:197]  /usr/local/go/src/net/http/server.go:2879
2022/03/27 20:15:40.482  [C] [config.go:197]  /usr/local/go/src/net/http/server.go:1930
2022/03/27 20:15:40.482  [C] [config.go:197]  /usr/local/go/src/runtime/asm_amd64.s:1581
0001/01/01 00:00:00.000  [M] [log.go:191]  [HTTP] http: superfluous response.WriteHeader call from github.com/beego/beego/v2/server/web/context.(*Response).WriteHeader (context.go:230)
2022/03/27 20:15:40.845  [D] [router.go:955]  |      127.0.0.1|[97;42m 200 [0m|    514.516µs|   match|[97;44m GET     [0m /favicon.ico   r:/:id
2022/03/27 20:15:45.212  [I] [subject.go:22]  1
2022/03/27 20:15:45.213  [C] [config.go:190]  the request url is  /subject
2022/03/27 20:15:45.213  [C] [config.go:191]  Handler crashed with error can't find templatefile in the path:views/guess1.tpl
2022/03/27 20:15:45.214  [C] [config.go:197]  /usr/local/go/src/runtime/panic.go:1038
2022/03/27 20:15:45.214  [C] [config.go:197]  /Users/liubin/go/pkg/mod/github.com/beego/beego/v2@v2.0.1/server/web/template.go:75
2022/03/27 20:15:45.214  [C] [config.go:197]  /Users/liubin/go/pkg/mod/github.com/beego/beego/v2@v2.0.1/server/web/controller.go:311
2022/03/27 20:15:45.214  [C] [config.go:197]  /Users/liubin/go/pkg/mod/github.com/beego/beego/v2@v2.0.1/server/web/controller.go:262
2022/03/27 20:15:45.214  [C] [config.go:197]  /Users/liubin/go/pkg/mod/github.com/beego/beego/v2@v2.0.1/server/web/controller.go:239
2022/03/27 20:15:45.214  [C] [config.go:197]  /Users/liubin/go/pkg/mod/github.com/beego/beego/v2@v2.0.1/server/web/router.go:895
2022/03/27 20:15:45.214  [C] [config.go:197]  /Users/liubin/go/pkg/mod/github.com/beego/beego/v2@v2.0.1/server/web/filter.go:81
2022/03/27 20:15:45.214  [C] [config.go:197]  /Users/liubin/go/pkg/mod/github.com/beego/beego/v2@v2.0.1/server/web/router.go:664
2022/03/27 20:15:45.214  [C] [config.go:197]  /usr/local/go/src/net/http/server.go:2879
2022/03/27 20:15:45.214  [C] [config.go:197]  /usr/local/go/src/net/http/server.go:1930
2022/03/27 20:15:45.214  [C] [config.go:197]  /usr/local/go/src/runtime/asm_amd64.s:1581
